{"message":"server on port undefined","level":"info"}
{"message":"server on port undefined","level":"info"}
{"message":"server on port undefined","level":"info"}
{"message":"server on port undefined","level":"info"}
{"message":"server on port 8000","level":"info"}
{"message":"server on port 8000","level":"info"}
{"message":"server on port 8000","level":"info"}
{"message":"server on port 8000","level":"info"}
{"message":"server on port 8000","level":"info"}
{"message":"server on port 8000","level":"info"}
{"message":"server on port 8000","level":"info"}
{"message":"server on port 8000","level":"info"}
{"message":"server on port 8000","level":"info"}
{"message":"server on port 8000","level":"info"}
{"message":"server on port 8000","level":"info"}
{"message":"server on port 8000","level":"info"}
{"message":"server on port 8000","level":"info"}
{"message":"server on port 8000","level":"info"}
{"message":"server on port 8000","level":"info"}
{"message":"server on port 8000","level":"info"}
{"message":"server on port 8000","level":"info"}
{"message":"server on port 8000","level":"info"}
{"message":"server on port 8000","level":"info"}
{"message":"server on port 8000","level":"info"}
{"message":"server on port 8000","level":"info"}
{"message":"server on port 8000","level":"info"}
{"message":"server on port 8000","level":"info"}
{"errorCode":"NOT_FOUND","message":"Err: Producto no encontrado en API Catalogo Aval.","level":"error"}
{"message":"server on port 8000","level":"info"}
{"message":"server on port 8000","level":"info"}
{"message":"server on port 8000","level":"info"}
{"errorCode":"NOT_FOUND","message":"Err: Producto no encontrado en API Catalogo Aval.","level":"error"}
{"message":"server on port 8000","level":"info"}
{"message":"server on port 8000","level":"info"}
{"message":"server on port 8000","level":"info"}
{"errorCode":"NOT_FOUND","message":"Err: User not allowed.","level":"error"}
{"message":"Queried user sebs","level":"info"}
{"message":"server on port 8000","level":"info"}
{"level":"error"}
{"message":"server on port 8000","level":"info"}
{"message":"server on port 8000","level":"info"}
{"errorCode":"NOT_FOUND","message":"Err: User not allowed.","level":"error"}
{"message":"server on port 8000","level":"info"}
{"message":"Queried user sebas","level":"info"}
{"level":"error"}
{"message":"server on port 8000","level":"info"}
{"message":"server on port 8000","level":"info"}
{"message":"server on port 8000","level":"info"}
{"message":"server on port 8000","level":"info"}
{"message":"server on port 8000","level":"info"}
{"message":"server on port 8000","level":"info"}
{"message":"server on port 8000","level":"info"}
{"level":"error"}
{"level":"error"}
{"message":"server on port 8000","level":"info"}
{"level":"error"}
{"message":"server on port 8000","level":"info"}
{"level":"error"}
{"message":"server on port 8000","level":"info"}
{"level":"error"}
{"message":"server on port 8000","level":"info"}
{"level":"error"}
{"message":"server on port 8000","level":"info"}
{"message":"server on port 8000","level":"info"}
{"level":"error"}
{"message":"server on port 8000","level":"info"}
{"message":"server on port 8000","level":"info"}
{"message":"server on port 8000","level":"info"}
{"message":"server on port 8000","level":"info"}
{"message":"server on port 8000","level":"info"}
{"message":"server on port 8000","level":"info"}
{"message":"server on port 8000","level":"info"}
{"message":"server on port 8000","level":"info"}
{"message":"server on port 8000","level":"info"}
{"message":"server on port 8000","level":"info"}
{"message":"server on port 8000","level":"info"}
{"message":"server on port 8000","level":"info"}
{"message":"server on port 8000","level":"info"}
{"message":"server on port 8000","level":"info"}
{"message":"Queried user 1036931297","level":"info"}
{"message":"server on port 8000","level":"info"}
{"message":"server on port 8000","level":"info"}
{"message":"Queried user 1036931297","level":"info"}
{"message":"server on port 8000","level":"info"}
{"message":"server on port 8000","level":"info"}
{"message":"server on port 8000","level":"info"}
{"message":"Queried user 1036931297","level":"info"}
{"message":"server on port 8000","level":"info"}
{"message":"Queried user 1036931297","level":"info"}
{"message":"Queried user 1036931297","level":"info"}
{"message":"server on port 8000","level":"info"}
{"message":"server on port 8000","level":"info"}
{"message":"Queried user 1036931297","level":"info"}
{"message":"server on port 8000","level":"info"}
{"message":"server on port 8000","level":"info"}
{"message":"Queried user 1036931297","level":"info"}
{"message":"server on port 8000","level":"info"}
{"message":"server on port 8000","level":"info"}
{"message":"Queried user 1036931297","level":"info"}
{"message":"server on port 8000","level":"info"}
{"message":"Queried user 1036931297","level":"info"}
{"message":"server on port 8000","level":"info"}
{"message":"Queried user 1036931297","level":"info"}
{"message":"server on port 8000","level":"info"}
{"level":"error"}
{"message":"server on port 8000","level":"info"}
{"message":"server on port 8000","level":"info"}
{"message":"server on port 8000","level":"info"}
{"level":"error"}
{"message":"server on port 8000","level":"info"}
{"message":"Queried user 1036931297","level":"info"}
{"message":"server on port 8000","level":"info"}
{"message":"server on port 8000","level":"info"}
{"message":"Queried user 1036931297","level":"info"}
{"errorCode":"NOT_FOUND","message":"Err: User not found.","level":"error"}
{"message":"Queried user 1036931297","level":"info"}
{"errorCode":"NOT_FOUND","message":"Err: User not found.","level":"error"}
{"errorCode":"NOT_FOUND","message":"Err: User not found.","level":"error"}
{"message":"Queried user 1036931297","level":"info"}
{"message":"server on port 8000","level":"info"}
{"message":"server on port 8000","level":"info"}
{"message":"server on port 8000","level":"info"}
{"message":"server on port 8000","level":"info"}
{"message":"server on port 8000","level":"info"}
{"message":"server on port 8000","level":"info"}
{"message":"server on port 8000","level":"info"}
{"level":"error"}
{"message":"server on port 8000","level":"info"}
{"level":"error"}
{"message":"server on port 8000","level":"info"}
{"level":"error"}
{"message":"server on port 8000","level":"info"}
{"message":"server on port 8000","level":"info"}
{"message":"server on port 8000","level":"info"}
{"message":"server on port 8000","level":"info"}
{"message":"server on port 8000","level":"info"}
{"message":"server on port 8000","level":"info"}
{"message":"server on port 8000","level":"info"}
{"message":"server on port 8000","level":"info"}
{"message":"server on port 8000","level":"info"}
{"message":"server on port 8000","level":"info"}
{"level":"error"}
{"message":"server on port 8000","level":"info"}
{"message":"server on port 8000","level":"info"}
{"message":"server on port 8000","level":"info"}
{"message":"server on port 8000","level":"info"}
{"message":"server on port 8000","level":"info"}
{"message":"server on port 8000","level":"info"}
{"message":"server on port 8000","level":"info"}
{"message":"server on port 8000","level":"info"}
{"errorCode":"BUSINESS_ERROR","message":"Err: User not created in MongoDB.","level":"error"}
{"message":"server on port 8000","level":"info"}
{"errorCode":"BUSINESS_ERROR","message":"Err: User not created in MongoDB.","level":"error"}
{"message":"server on port 8000","level":"info"}
{"errorCode":"BUSINESS_ERROR","message":"Err: User not created in MongoDB.","level":"error"}
{"message":"server on port 8000","level":"info"}
{"message":"server on port 8000","level":"info"}
{"message":"server on port 8000","level":"info"}
{"message":"server on port 8000","level":"info"}
{"message":"server on port 8000","level":"info"}
{"message":"server on port 8000","level":"info"}
{"message":"server on port 8000","level":"info"}
{"message":"server on port 8000","level":"info"}
{"errorCode":"BUSINESS_ERROR","message":"Err: User not created in MongoDB.","level":"error"}
{"message":"server on port 8000","level":"info"}
{"message":"Err: User not created in MongoDB.","level":"error"}
{"message":"server on port 8000","level":"info"}
{"message":"Err: User not created in MongoDB.","level":"error"}
{"message":"server on port 8000","level":"info"}
{"errorCode":"BUSINESS_ERROR","message":"Err: User not created in MongoDB.","level":"error"}
{"message":"server on port 8000","level":"info"}
{"errorCode":"BAD_REQUEST","message":"Err: User not created in MongoDB.","level":"error"}
{"message":"server on port 8000","level":"info"}
{"errorCode":"NOT_FOUND","message":"Err: User not found.","level":"error"}
{"message":"Queried user 930327075589","level":"info"}
{"message":"server on port 8000","level":"info"}
{"message":"server on port 8000","level":"info"}
{"message":"server on port 8000","level":"info"}
{"message":"Queried user 1036931297","level":"info"}
{"errorCode":"NOT_FOUND","message":"Err: User not found.","level":"error"}
{"message":"Queried user 930327075589","level":"info"}
{"message":"Queried user 1036931297","level":"info"}
{"message":"Queried user 930327075589","level":"info"}
{"message":"server on port 8000","level":"info"}
{"message":"Queried user 930327075589","level":"info"}
{"errorCode":"NOT_FOUND","message":"Err: User not found.","level":"error"}
{"message":"server on port 8000","level":"info"}
{"errorCode":"NOT_FOUND","message":"Err: User not found.","level":"error"}
{"message":"Queried user 930327075589","level":"info"}
{"message":"server on port 8000","level":"info"}
{"message":"Queried user 930327075589","level":"info"}
{"message":"Queried user 930327075589","level":"info"}
{"message":"Queried user 930327075589","level":"info"}
{"errorCode":"NOT_FOUND","message":"Err: User not found.","level":"error"}
{"message":"server on port 8000","level":"info"}
{"errorCode":"BAD_REQUEST","message":"Err: User not created in MongoDB.","level":"error"}
{"message":"server on port 8000","level":"info"}
{"message":"server on port 8000","level":"info"}
{"errorCode":"NOT_FOUND","message":"Err: User not found.","level":"error"}
{"errorCode":"NOT_FOUND","message":"Err: User not found.","level":"error"}
{"errorCode":"NOT_FOUND","message":"Err: User not found.","level":"error"}
{"errorCode":"NOT_FOUND","message":"Err: User not found.","level":"error"}
{"message":"Queried user 930327075589","level":"info"}
{"message":"server on port 8000","level":"info"}
{"errorCode":"NOT_FOUND","message":"Err: User not found.","level":"error"}
{"errorCode":"NOT_FOUND","message":"Err: User not found.","level":"error"}
{"message":"Queried user 930327075589","level":"info"}
{"message":"server on port 8000","level":"info"}
{"level":"error"}
{"message":"server on port 8000","level":"info"}
{"message":"Queried user 930327075589","level":"info"}
{"message":"server on port 8000","level":"info"}
{"message":"Queried user 930327075589","level":"info"}
{"message":"Queried user 1036931297","level":"info"}
{"message":"Queried user 930327075589","level":"info"}
{"message":"server on port 8000","level":"info"}
{"message":"server on port 8000","level":"info"}
{"message":"server on port 8000","level":"info"}
{"message":"Queried user undefined","level":"info"}
{"message":"server on port 8000","level":"info"}
{"message":"Queried user undefined","level":"info"}
{"message":"Queried user undefined","level":"info"}
{"message":"server on port 8000","level":"info"}
{"message":"server on port 8000","level":"info"}
{"message":"Queried user undefined","level":"info"}
{"message":"Queried user undefined","level":"info"}
{"message":"server on port 8000","level":"info"}
{"message":"Queried user undefined","level":"info"}
{"message":"server on port 8000","level":"info"}
{"message":"Queried user undefined","level":"info"}
{"message":"Queried user undefined","level":"info"}
{"message":"server on port 8000","level":"info"}
{"message":"Queried user undefined","level":"info"}
{"message":"server on port 8000","level":"info"}
{"message":"server on port 8000","level":"info"}
{"message":"server on port 8000","level":"info"}
{"message":"server on port 8000","level":"info"}
{"message":"server on port 8000","level":"info"}
{"message":"server on port 8000","level":"info"}
{"message":"server on port 8000","level":"info"}
{"message":"server on port 8000","level":"info"}
{"message":"server on port 8000","level":"info"}
{"message":"server on port 8000","level":"info"}
{"errorCode":"NOT_FOUND","message":"Err: Collaborator not found.","level":"error"}
{"errorCode":"NOT_FOUND","message":"Err: Collaborator not found.","level":"error"}
{"message":"Queried user undefined","level":"info"}
{"errorCode":"NOT_FOUND","message":"Err: Collaborator not found.","level":"error"}
{"errorCode":"NOT_FOUND","message":"Err: Collaborator not found.","level":"error"}
{"message":"Queried user undefined","level":"info"}
{"message":"Queried user undefined","level":"info"}
{"message":"Queried user undefined","level":"info"}
{"errorCode":"NOT_FOUND","message":"Err: Collaborator not found.","level":"error"}
{"message":"server on port 8000","level":"info"}
{"errorCode":"BAD_REQUEST","message":"Err: Collaborator not deleted in MongoDB.","level":"error"}
{"level":"error"}
{"message":"server on port 8000","level":"info"}
{"message":"server on port 8000","level":"info"}
{"message":"server on port 8000","level":"info"}
{"errorCode":"BAD_REQUEST","message":"Err: Collaborator not deleted in MongoDB.","level":"error"}
{"level":"error"}
{"message":"server on port 8000","level":"info"}
{"message":"server on port 8000","level":"info"}
{"message":"server on port 8000","level":"info"}
{"message":"server on port 8000","level":"info"}
{"message":"server on port 8000","level":"info"}
{"message":"server on port 8000","level":"info"}
{"message":"server on port 8000","level":"info"}
{"message":"server on port 8000","level":"info"}
{"message":"server on port 8000","level":"info"}
{"errorCode":"NOT_FOUND","message":"Err: Collaborator not deleted in MongoDB because wasn't found.","level":"error"}
{"errorCode":"NOT_FOUND","message":"Err: Collaborator not deleted in MongoDB because wasn't found.","level":"error"}
{"message":"server on port 8000","level":"info"}
{"message":"server on port 8000","level":"info"}
{"message":"server on port 8000","level":"info"}
{"message":"server on port 8000","level":"info"}
{"errorCode":"NOT_FOUND","message":"Err: Collaborator not deleted in MongoDB because wasn't found.","level":"error"}
{"errorCode":"NOT_FOUND","message":"Err: Collaborator not deleted in MongoDB because wasn't found.","level":"error"}
{"message":"server on port 8000","level":"info"}
{"message":"server on port 8000","level":"info"}
{"message":"server on port 8000","level":"info"}
{"errorCode":"NOT_FOUND","message":"Err: Collaborator not deleted in MongoDB because wasn't found.","level":"error"}
{"errorCode":"NOT_FOUND","message":"Err: Collaborator not deleted in MongoDB because wasn't found.","level":"error"}
{"message":"Queried user undefined","level":"info"}
{"message":"server on port 8000","level":"info"}
{"message":"Queried user undefined","level":"info"}
{"errorCode":"NOT_FOUND","message":"Err: Collaborator not found.","level":"error"}
{"message":"Queried user undefined","level":"info"}
{"errorCode":"NOT_FOUND","message":"Err: Collaborator not found.","level":"error"}
{"message":"Queried user undefined","level":"info"}
{"errorCode":"NOT_FOUND","message":"Err: Collaborator not found.","level":"error"}
{"errorCode":"NOT_FOUND","message":"Err: Collaborator not deleted in MongoDB because wasn't found.","level":"error"}
{"message":"server on port 8000","level":"info"}
{"message":"server on port 8000","level":"info"}
{"message":"server on port 8000","level":"info"}
{"errorCode":"NOT_FOUND","message":"Err: Collaborator not deleted in MongoDB because wasn't found.","level":"error"}
{"message":"server on port 8000","level":"info"}
{"message":"Queried user undefined","level":"info"}
{"message":"Queried user undefined","level":"info"}
{"errorCode":"NOT_FOUND","message":"Err: Collaborator not deleted in MongoDB because wasn't found.","level":"error"}
{"message":"server on port 8000","level":"info"}
{"message":"Collaborator created: 2222","level":"info"}
{"message":"Queried collaborator: 2222","level":"info"}
{"message":"deleted collaborator: 2222","level":"info"}
{"message":"server on port 6666","level":"info"}
{"message":"Queried collaborator: 2222","level":"info"}
{"message":"deleted collaborator: 2222","level":"info"}
{"errorCode":"NOT_FOUND","message":"Err: Collaborator not deleted in MongoDB because wasn't found.","level":"error"}
{"errorCode":"NOT_FOUND","message":"Err: Collaborator not found.","level":"error"}
{"errorCode":"NOT_FOUND","message":"Err: Collaborator not found.","level":"error"}
{"errorCode":"NOT_FOUND","message":"Err: Collaborator not deleted in MongoDB because wasn't found.","level":"error"}
{"errorCode":"NOT_FOUND","message":"Err: Collaborator not deleted in MongoDB because wasn't found.","level":"error"}
{"errorCode":"NOT_FOUND","message":"Err: Collaborator not deleted in MongoDB because wasn't found.","level":"error"}
{"errorCode":"NOT_FOUND","message":"Err: Collaborator not deleted in MongoDB because wasn't found.","level":"error"}
