{"errorCode":"NOT_FOUND","message":"Err: Producto no encontrado en API Catalogo Aval.","level":"error"}
{"errorCode":"NOT_FOUND","message":"Err: Producto no encontrado en API Catalogo Aval.","level":"error"}
{"errorCode":"NOT_FOUND","message":"Err: User not allowed.","level":"error"}
{"level":"error"}
{"errorCode":"NOT_FOUND","message":"Err: User not allowed.","level":"error"}
{"level":"error"}
{"level":"error"}
{"level":"error"}
{"level":"error"}
{"level":"error"}
{"level":"error"}
{"level":"error"}
{"level":"error"}
{"level":"error"}
{"level":"error"}
{"errorCode":"NOT_FOUND","message":"Err: User not found.","level":"error"}
{"errorCode":"NOT_FOUND","message":"Err: User not found.","level":"error"}
{"errorCode":"NOT_FOUND","message":"Err: User not found.","level":"error"}
{"level":"error"}
{"level":"error"}
{"level":"error"}
{"level":"error"}
{"errorCode":"BUSINESS_ERROR","message":"Err: User not created in MongoDB.","level":"error"}
{"errorCode":"BUSINESS_ERROR","message":"Err: User not created in MongoDB.","level":"error"}
{"errorCode":"BUSINESS_ERROR","message":"Err: User not created in MongoDB.","level":"error"}
{"errorCode":"BUSINESS_ERROR","message":"Err: User not created in MongoDB.","level":"error"}
{"message":"Err: User not created in MongoDB.","level":"error"}
{"message":"Err: User not created in MongoDB.","level":"error"}
{"errorCode":"BUSINESS_ERROR","message":"Err: User not created in MongoDB.","level":"error"}
{"errorCode":"BAD_REQUEST","message":"Err: User not created in MongoDB.","level":"error"}
{"errorCode":"NOT_FOUND","message":"Err: User not found.","level":"error"}
{"errorCode":"NOT_FOUND","message":"Err: User not found.","level":"error"}
{"errorCode":"NOT_FOUND","message":"Err: User not found.","level":"error"}
{"errorCode":"NOT_FOUND","message":"Err: User not found.","level":"error"}
{"errorCode":"NOT_FOUND","message":"Err: User not found.","level":"error"}
{"errorCode":"BAD_REQUEST","message":"Err: User not created in MongoDB.","level":"error"}
{"errorCode":"NOT_FOUND","message":"Err: User not found.","level":"error"}
{"errorCode":"NOT_FOUND","message":"Err: User not found.","level":"error"}
{"errorCode":"NOT_FOUND","message":"Err: User not found.","level":"error"}
{"errorCode":"NOT_FOUND","message":"Err: User not found.","level":"error"}
{"errorCode":"NOT_FOUND","message":"Err: User not found.","level":"error"}
{"errorCode":"NOT_FOUND","message":"Err: User not found.","level":"error"}
{"level":"error"}
{"errorCode":"NOT_FOUND","message":"Err: Collaborator not found.","level":"error"}
{"errorCode":"NOT_FOUND","message":"Err: Collaborator not found.","level":"error"}
{"errorCode":"NOT_FOUND","message":"Err: Collaborator not found.","level":"error"}
{"errorCode":"NOT_FOUND","message":"Err: Collaborator not found.","level":"error"}
{"errorCode":"NOT_FOUND","message":"Err: Collaborator not found.","level":"error"}
{"errorCode":"BAD_REQUEST","message":"Err: Collaborator not deleted in MongoDB.","level":"error"}
{"level":"error"}
{"errorCode":"BAD_REQUEST","message":"Err: Collaborator not deleted in MongoDB.","level":"error"}
{"level":"error"}
{"errorCode":"NOT_FOUND","message":"Err: Collaborator not deleted in MongoDB because wasn't found.","level":"error"}
{"errorCode":"NOT_FOUND","message":"Err: Collaborator not deleted in MongoDB because wasn't found.","level":"error"}
{"errorCode":"NOT_FOUND","message":"Err: Collaborator not deleted in MongoDB because wasn't found.","level":"error"}
{"errorCode":"NOT_FOUND","message":"Err: Collaborator not deleted in MongoDB because wasn't found.","level":"error"}
{"errorCode":"NOT_FOUND","message":"Err: Collaborator not deleted in MongoDB because wasn't found.","level":"error"}
{"errorCode":"NOT_FOUND","message":"Err: Collaborator not deleted in MongoDB because wasn't found.","level":"error"}
{"errorCode":"NOT_FOUND","message":"Err: Collaborator not found.","level":"error"}
{"errorCode":"NOT_FOUND","message":"Err: Collaborator not found.","level":"error"}
{"errorCode":"NOT_FOUND","message":"Err: Collaborator not found.","level":"error"}
{"errorCode":"NOT_FOUND","message":"Err: Collaborator not deleted in MongoDB because wasn't found.","level":"error"}
{"errorCode":"NOT_FOUND","message":"Err: Collaborator not deleted in MongoDB because wasn't found.","level":"error"}
{"errorCode":"NOT_FOUND","message":"Err: Collaborator not deleted in MongoDB because wasn't found.","level":"error"}
{"errorCode":"NOT_FOUND","message":"Err: Collaborator not deleted in MongoDB because wasn't found.","level":"error"}
{"errorCode":"NOT_FOUND","message":"Err: Collaborator not found.","level":"error"}
{"errorCode":"NOT_FOUND","message":"Err: Collaborator not found.","level":"error"}
{"errorCode":"NOT_FOUND","message":"Err: Collaborator not deleted in MongoDB because wasn't found.","level":"error"}
{"errorCode":"NOT_FOUND","message":"Err: Collaborator not deleted in MongoDB because wasn't found.","level":"error"}
{"errorCode":"NOT_FOUND","message":"Err: Collaborator not deleted in MongoDB because wasn't found.","level":"error"}
{"errorCode":"NOT_FOUND","message":"Err: Collaborator not deleted in MongoDB because wasn't found.","level":"error"}
